<?xml version="1.0" encoding="UTF-8"?>
<!-- Generated by org.testng.reporters.JUnitReportReporter -->
<testsuite hostname="DESKTOP-KDPNS9M" failures="0" tests="1" name="org.example.AppTest" time="0.025" errors="0" timestamp="2024-05-21T06:43:18 SAST" skipped="0">
  <testcase classname="org.example.AppTest" name="testApp" time="0.025"/>
</testsuite> <!-- org.example.AppTest -->
