<?xml version="1.0" encoding="UTF-8"?>
<!-- Generated by org.testng.reporters.JUnitReportReporter -->
<testsuite hostname="DESKTOP-KDPNS9M" failures="0" tests="8" name="films.GetFilmTest" time="17.897" errors="0" timestamp="2024-05-21T06:43:18 SAST" skipped="1">
  <testcase classname="films.GetFilmTest" name="getAllFilms" time="8.654"/>
  <testcase classname="films.GetFilmTest" name="getOneFilmWithNonExistingId" time="1.201"/>
  <testcase classname="films.GetFilmTest" name="getOneFilmByInvalidQueryParam" time="1.338"/>
  <testcase classname="films.GetFilmTest" name="getOneFilmByQueryParam" time="1.708"/>
  <testcase classname="films.GetFilmTest" name="getOneFilmByQueryParam" time="1.813"/>
  <testcase classname="films.GetFilmTest" name="getOneFilmByPathParam" time="1.579"/>
  <testcase classname="films.GetFilmTest" name="getOneFilmByQueryParam" time="1.604"/>
  <testcase classname="films.GetFilmTest" name="getOneFilmWithInvalidId">
    <skipped/>
  </testcase> <!-- getOneFilmWithInvalidId -->
</testsuite> <!-- films.GetFilmTest -->
